<?xml version="1.0" encoding="UTF-8"?>
<testng-results skipped="0" failed="0" ignored="0" total="1" passed="1">
  <reporter-output>
  </reporter-output>
  <suite name="Default suite" duration-ms="9292" started-at="2018-08-13T14:53:13Z" finished-at="2018-08-13T14:53:22Z">
    <groups>
    </groups>
    <test name="Default test" duration-ms="9292" started-at="2018-08-13T14:53:13Z" finished-at="2018-08-13T14:53:22Z">
      <class name="Scripts.TestInvalidLogin">
        <test-method status="PASS" signature="launchBrowser()[pri:0, instance:Scripts.TestInvalidLogin@2db7a79b]" name="launchBrowser" is-config="true" duration-ms="9171" started-at="2018-08-13T14:53:13Z" finished-at="2018-08-13T14:53:22Z">
          <reporter-output>
          </reporter-output>
        </test-method> <!-- launchBrowser -->
        <test-method status="PASS" signature="invalidLogin()[pri:0, instance:Scripts.TestInvalidLogin@2db7a79b]" name="invalidLogin" duration-ms="84" started-at="2018-08-13T14:53:22Z" finished-at="2018-08-13T14:53:22Z">
          <reporter-output>
          </reporter-output>
        </test-method> <!-- invalidLogin -->
        <test-method status="PASS" signature="closeBrowser(org.testng.ITestResult)[pri:0, instance:Scripts.TestInvalidLogin@2db7a79b]" name="closeBrowser" is-config="true" duration-ms="4" started-at="2018-08-13T14:53:22Z" finished-at="2018-08-13T14:53:22Z">
          <params>
            <param index="0">
              <value>
                <![CDATA[[TestResult name=invalidLogin status=SUCCESS method=TestInvalidLogin.invalidLogin()[pri:0, instance:Scripts.TestInvalidLogin@2db7a79b] output={null}]]]>
              </value>
            </param>
          </params>
          <reporter-output>
          </reporter-output>
        </test-method> <!-- closeBrowser -->
      </class> <!-- Scripts.TestInvalidLogin -->
    </test> <!-- Default test -->
  </suite> <!-- Default suite -->
</testng-results>
